[INFO] Scanning for projects...
[INFO] 
[INFO] ----------------< org.spacious-team:table-wrapper-api >-----------------
[INFO] Building Table Wrapper API 2022.4
[INFO]   from pom.xml
[INFO] --------------------------------[ jar ]---------------------------------
[INFO] 
[INFO] --- resources:3.3.1:resources (default-resources) @ table-wrapper-api ---
[INFO] skip non existing resourceDirectory /Users/erfanarvan/Desktop/comparisonPaper/experiments/tests/correct_branches/table-wrapper-api/src/main/resources
[INFO] 
[INFO] --- compiler:3.11.0:compile (default-compile) @ table-wrapper-api ---
[INFO] Changes detected - recompiling the module! :source
[INFO] Compiling 27 source files with javac [forked debug deprecation target 11] to target/classes
[WARNING] /Users/erfanarvan/Desktop/comparisonPaper/experiments/tests/correct_branches/table-wrapper-api/src/main/java/org/spacious_team/table_wrapper/api/AbstractTable.java:[153,25] [assignment] incompatible types in assignment.
  found   : null (NullType)
  required: T extends @UnknownInitialization @NonNull Object
[WARNING] /Users/erfanarvan/Desktop/comparisonPaper/experiments/tests/correct_branches/table-wrapper-api/src/main/java/org/spacious_team/table_wrapper/api/MutableTableRow.java:[47,15] [dereference.of.nullable] dereference of possibly-null reference row
[WARNING] /Users/erfanarvan/Desktop/comparisonPaper/experiments/tests/correct_branches/table-wrapper-api/src/main/java/org/spacious_team/table_wrapper/api/MutableTableRow.java:[52,15] [dereference.of.nullable] dereference of possibly-null reference row
[WARNING] /Users/erfanarvan/Desktop/comparisonPaper/experiments/tests/correct_branches/table-wrapper-api/src/main/java/org/spacious_team/table_wrapper/api/MutableTableRow.java:[57,15] [dereference.of.nullable] dereference of possibly-null reference row
[WARNING] /Users/erfanarvan/Desktop/comparisonPaper/experiments/tests/correct_branches/table-wrapper-api/src/main/java/org/spacious_team/table_wrapper/api/MutableTableRow.java:[62,15] [dereference.of.nullable] dereference of possibly-null reference row
[WARNING] /Users/erfanarvan/Desktop/comparisonPaper/experiments/tests/correct_branches/table-wrapper-api/src/main/java/org/spacious_team/table_wrapper/api/MutableTableRow.java:[67,15] [dereference.of.nullable] dereference of possibly-null reference row
[WARNING] /Users/erfanarvan/Desktop/comparisonPaper/experiments/tests/correct_branches/table-wrapper-api/src/main/java/org/spacious_team/table_wrapper/api/MutableTableRow.java:[72,15] [dereference.of.nullable] dereference of possibly-null reference row
[WARNING] /Users/erfanarvan/Desktop/comparisonPaper/experiments/tests/correct_branches/table-wrapper-api/src/main/java/org/spacious_team/table_wrapper/api/MutableTableRow.java:[77,28] [argument] incompatible argument for parameter row of CellDataAccessObject.getValue.
  found   : T extends @FBCBottom @MonotonicNonNull ReportPageRow
  required: T extends @Initialized @NonNull ReportPageRow
[WARNING] /Users/erfanarvan/Desktop/comparisonPaper/experiments/tests/correct_branches/table-wrapper-api/src/main/java/org/spacious_team/table_wrapper/api/MutableTableRow.java:[81,31] [argument] incompatible argument for parameter row of CellDataAccessObject.getIntValue.
  found   : T extends @FBCBottom @MonotonicNonNull ReportPageRow
  required: T extends @Initialized @NonNull ReportPageRow
[WARNING] /Users/erfanarvan/Desktop/comparisonPaper/experiments/tests/correct_branches/table-wrapper-api/src/main/java/org/spacious_team/table_wrapper/api/MutableTableRow.java:[85,32] [argument] incompatible argument for parameter row of CellDataAccessObject.getLongValue.
  found   : T extends @FBCBottom @MonotonicNonNull ReportPageRow
  required: T extends @Initialized @NonNull ReportPageRow
[WARNING] /Users/erfanarvan/Desktop/comparisonPaper/experiments/tests/correct_branches/table-wrapper-api/src/main/java/org/spacious_team/table_wrapper/api/MutableTableRow.java:[89,34] [argument] incompatible argument for parameter row of CellDataAccessObject.getDoubleValue.
  found   : T extends @FBCBottom @MonotonicNonNull ReportPageRow
  required: T extends @Initialized @NonNull ReportPageRow
[WARNING] /Users/erfanarvan/Desktop/comparisonPaper/experiments/tests/correct_branches/table-wrapper-api/src/main/java/org/spacious_team/table_wrapper/api/MutableTableRow.java:[93,38] [argument] incompatible argument for parameter row of CellDataAccessObject.getBigDecimalValue.
  found   : T extends @FBCBottom @MonotonicNonNull ReportPageRow
  required: T extends @Initialized @NonNull ReportPageRow
[WARNING] /Users/erfanarvan/Desktop/comparisonPaper/experiments/tests/correct_branches/table-wrapper-api/src/main/java/org/spacious_team/table_wrapper/api/MutableTableRow.java:[97,34] [argument] incompatible argument for parameter row of CellDataAccessObject.getStringValue.
  found   : T extends @FBCBottom @MonotonicNonNull ReportPageRow
  required: T extends @Initialized @NonNull ReportPageRow
[WARNING] /Users/erfanarvan/Desktop/comparisonPaper/experiments/tests/correct_branches/table-wrapper-api/src/main/java/org/spacious_team/table_wrapper/api/MutableTableRow.java:[101,35] [argument] incompatible argument for parameter row of CellDataAccessObject.getInstantValue.
  found   : T extends @FBCBottom @MonotonicNonNull ReportPageRow
  required: T extends @Initialized @NonNull ReportPageRow
[WARNING] /Users/erfanarvan/Desktop/comparisonPaper/experiments/tests/correct_branches/table-wrapper-api/src/main/java/org/spacious_team/table_wrapper/api/MutableTableRow.java:[105,41] [argument] incompatible argument for parameter row of CellDataAccessObject.getLocalDateTimeValue.
  found   : T extends @FBCBottom @MonotonicNonNull ReportPageRow
  required: T extends @Initialized @NonNull ReportPageRow
[WARNING] /Users/erfanarvan/Desktop/comparisonPaper/experiments/tests/correct_branches/table-wrapper-api/src/main/java/org/spacious_team/table_wrapper/api/MutableTableRow.java:[110,60] [assignment] incompatible types in assignment.
  found   : @Initialized @Nullable Integer
  required: @UnknownInitialization @NonNull Integer
[WARNING] /Users/erfanarvan/Desktop/comparisonPaper/experiments/tests/correct_branches/table-wrapper-api/src/main/java/org/spacious_team/table_wrapper/api/CellDataAccessObject.java:[130,26] [argument] incompatible argument for parameter row of CellDataAccessObject.getCell.
  found   : R extends @Initialized @Nullable ReportPageRow
  required: R extends @Initialized @NonNull ReportPageRow
[INFO] ------------------------------------------------------------------------
[INFO] BUILD SUCCESS
[INFO] ------------------------------------------------------------------------
[INFO] Total time:  4.481 s
[INFO] Finished at: 2024-08-29T01:08:06-04:00
[INFO] ------------------------------------------------------------------------
